<?xml version="1.0" encoding="UTF-8"?>
<robot generator="Robot 7.3.2 (Python 3.10.8 on win32)" generated="2025-09-30T09:51:24.376648" rpa="false" schemaversion="5">
<suite id="s1" name="Api Test" source="C:\kmitl\ce_degree_3-1\Sotf-dev\sdpx-robot_test\api_test.robot">
<test id="s1-t1" name="Test Home Endpoint" line="8">
<kw name="Create Session" owner="RequestsLibrary">
<msg time="2025-09-30T09:51:24.487132" level="INFO">Creating Session using : alias=api, url=http://127.0.0.1:5000, headers={},                     cookies={}, auth=None, timeout=None, proxies=None, verify=False,                     debug=0 </msg>
<arg>api</arg>
<arg>${BASE_URL}</arg>
<doc>Create Session: create a HTTP session to a server</doc>
<status status="PASS" start="2025-09-30T09:51:24.487132" elapsed="0.000000"/>
</kw>
<kw name="GET On Session" owner="RequestsLibrary">
<msg time="2025-09-30T09:51:24.491136" level="INFO">GET Request : url=http://127.0.0.1:5000/ 
 path_url=/ 
 headers={'User-Agent': 'python-requests/2.31.0', 'Accept-Encoding': 'gzip, deflate', 'Accept': '*/*', 'Connection': 'keep-alive'} 
 body=None 
 </msg>
<msg time="2025-09-30T09:51:24.491136" level="INFO">GET Response : url=http://127.0.0.1:5000/ 
 status=200, reason=OK 
 headers={'Server': 'Werkzeug/3.1.3 Python/3.10.8', 'Date': 'Tue, 30 Sep 2025 02:51:24 GMT', 'Content-Type': 'application/json', 'Content-Length': '44', 'Connection': 'close'} 
 body={
  "message": "Welcome to my Flask API!"
}
 
 </msg>
<msg time="2025-09-30T09:51:24.491136" level="INFO">${resp} = &lt;Response [200]&gt;</msg>
<var>${resp}</var>
<arg>api</arg>
<arg>/</arg>
<doc>Sends a GET request on a previously created HTTP Session.</doc>
<status status="PASS" start="2025-09-30T09:51:24.488135" elapsed="0.003001"/>
</kw>
<kw name="Should Be Equal As Strings" owner="BuiltIn">
<msg time="2025-09-30T09:51:24.492149" level="INFO">Argument types are:
&lt;class 'int'&gt;
&lt;class 'str'&gt;</msg>
<arg>${resp.status_code}</arg>
<arg>200</arg>
<doc>Fails if objects are unequal after converting them to strings.</doc>
<status status="PASS" start="2025-09-30T09:51:24.492149" elapsed="0.000000"/>
</kw>
<kw name="Should Be Equal As Strings" owner="BuiltIn">
<arg>${resp.json()["message"]}</arg>
<arg>Welcome to my Flask API!</arg>
<doc>Fails if objects are unequal after converting them to strings.</doc>
<status status="PASS" start="2025-09-30T09:51:24.493149" elapsed="0.000000"/>
</kw>
<status status="PASS" start="2025-09-30T09:51:24.486205" elapsed="0.006944"/>
</test>
<test id="s1-t2" name="Test GetCode Endpoint" line="14">
<kw name="Create Session" owner="RequestsLibrary">
<msg time="2025-09-30T09:51:24.494150" level="INFO">Creating Session using : alias=api, url=http://127.0.0.1:5000, headers={},                     cookies={}, auth=None, timeout=None, proxies=None, verify=False,                     debug=0 </msg>
<arg>api</arg>
<arg>${BASE_URL}</arg>
<doc>Create Session: create a HTTP session to a server</doc>
<status status="PASS" start="2025-09-30T09:51:24.494150" elapsed="0.000998"/>
</kw>
<kw name="GET On Session" owner="RequestsLibrary">
<msg time="2025-09-30T09:51:24.499151" level="INFO">GET Request : url=http://127.0.0.1:5000/getcode 
 path_url=/getcode 
 headers={'User-Agent': 'python-requests/2.31.0', 'Accept-Encoding': 'gzip, deflate', 'Accept': '*/*', 'Connection': 'keep-alive'} 
 body=None 
 </msg>
<msg time="2025-09-30T09:51:24.499151" level="INFO">GET Response : url=http://127.0.0.1:5000/getcode 
 status=200, reason=OK 
 headers={'Server': 'Werkzeug/3.1.3 Python/3.10.8', 'Date': 'Tue, 30 Sep 2025 02:51:24 GMT', 'Content-Type': 'application/json', 'Content-Length': '30', 'Connection': 'close'} 
 body={
  "message": "hello link"
}
 
 </msg>
<msg time="2025-09-30T09:51:24.499151" level="INFO">${resp} = &lt;Response [200]&gt;</msg>
<var>${resp}</var>
<arg>api</arg>
<arg>/getcode</arg>
<doc>Sends a GET request on a previously created HTTP Session.</doc>
<status status="PASS" start="2025-09-30T09:51:24.495148" elapsed="0.004003"/>
</kw>
<kw name="Should Be Equal As Strings" owner="BuiltIn">
<msg time="2025-09-30T09:51:24.500149" level="INFO">Argument types are:
&lt;class 'int'&gt;
&lt;class 'str'&gt;</msg>
<arg>${resp.status_code}</arg>
<arg>200</arg>
<doc>Fails if objects are unequal after converting them to strings.</doc>
<status status="PASS" start="2025-09-30T09:51:24.499151" elapsed="0.000998"/>
</kw>
<kw name="Should Be Equal As Strings" owner="BuiltIn">
<arg>${resp.json()["message"]}</arg>
<arg>hello link</arg>
<doc>Fails if objects are unequal after converting them to strings.</doc>
<status status="PASS" start="2025-09-30T09:51:24.500149" elapsed="0.001037"/>
</kw>
<status status="PASS" start="2025-09-30T09:51:24.494150" elapsed="0.007036"/>
</test>
<test id="s1-t3" name="Test Plus Endpoint" line="20">
<kw name="Create Session" owner="RequestsLibrary">
<msg time="2025-09-30T09:51:24.502196" level="INFO">Creating Session using : alias=api, url=http://127.0.0.1:5000, headers={},                     cookies={}, auth=None, timeout=None, proxies=None, verify=False,                     debug=0 </msg>
<arg>api</arg>
<arg>${BASE_URL}</arg>
<doc>Create Session: create a HTTP session to a server</doc>
<status status="PASS" start="2025-09-30T09:51:24.502196" elapsed="0.000000"/>
</kw>
<kw name="GET On Session" owner="RequestsLibrary">
<msg time="2025-09-30T09:51:24.505149" level="INFO">GET Request : url=http://127.0.0.1:5000/plus/5/6 
 path_url=/plus/5/6 
 headers={'User-Agent': 'python-requests/2.31.0', 'Accept-Encoding': 'gzip, deflate', 'Accept': '*/*', 'Connection': 'keep-alive'} 
 body=None 
 </msg>
<msg time="2025-09-30T09:51:24.505149" level="INFO">GET Response : url=http://127.0.0.1:5000/plus/5/6 
 status=200, reason=OK 
 headers={'Server': 'Werkzeug/3.1.3 Python/3.10.8', 'Date': 'Tue, 30 Sep 2025 02:51:24 GMT', 'Content-Type': 'application/json', 'Content-Length': '16', 'Connection': 'close'} 
 body={
  "sum": 11
}
 
 </msg>
<msg time="2025-09-30T09:51:24.505149" level="INFO">${resp} = &lt;Response [200]&gt;</msg>
<var>${resp}</var>
<arg>api</arg>
<arg>/plus/5/6</arg>
<doc>Sends a GET request on a previously created HTTP Session.</doc>
<status status="PASS" start="2025-09-30T09:51:24.502196" elapsed="0.002953"/>
</kw>
<kw name="Should Be Equal As Strings" owner="BuiltIn">
<msg time="2025-09-30T09:51:24.506228" level="INFO">Argument types are:
&lt;class 'int'&gt;
&lt;class 'str'&gt;</msg>
<arg>${resp.status_code}</arg>
<arg>200</arg>
<doc>Fails if objects are unequal after converting them to strings.</doc>
<status status="PASS" start="2025-09-30T09:51:24.505149" elapsed="0.001079"/>
</kw>
<kw name="Should Be Equal As Integers" owner="BuiltIn">
<msg time="2025-09-30T09:51:24.506228" level="INFO">Argument types are:
&lt;class 'int'&gt;
&lt;class 'str'&gt;</msg>
<arg>${resp.json()["sum"]}</arg>
<arg>11</arg>
<doc>Fails if objects are unequal after converting them to integers.</doc>
<status status="PASS" start="2025-09-30T09:51:24.506228" elapsed="0.000000"/>
</kw>
<status status="PASS" start="2025-09-30T09:51:24.501186" elapsed="0.005963"/>
</test>
<test id="s1-t4" name="Test_x_is_3dot7" line="26">
<kw name="Create Session" owner="RequestsLibrary">
<msg time="2025-09-30T09:51:24.508149" level="INFO">Creating Session using : alias=api, url=http://127.0.0.1:5000, headers={},                     cookies={}, auth=None, timeout=None, proxies=None, verify=False,                     debug=0 </msg>
<arg>api</arg>
<arg>${BASE_URL}</arg>
<doc>Create Session: create a HTTP session to a server</doc>
<status status="PASS" start="2025-09-30T09:51:24.507149" elapsed="0.001000"/>
</kw>
<kw name="GET On Session" owner="RequestsLibrary">
<msg time="2025-09-30T09:51:24.512161" level="INFO">GET Request : url=http://127.0.0.1:5000/is2hornor/3.7 
 path_url=/is2hornor/3.7 
 headers={'User-Agent': 'python-requests/2.31.0', 'Accept-Encoding': 'gzip, deflate', 'Accept': '*/*', 'Connection': 'keep-alive'} 
 body=None 
 </msg>
<msg time="2025-09-30T09:51:24.512161" level="INFO">GET Response : url=http://127.0.0.1:5000/is2hornor/3.7 
 status=200, reason=OK 
 headers={'Server': 'Werkzeug/3.1.3 Python/3.10.8', 'Date': 'Tue, 30 Sep 2025 02:51:24 GMT', 'Content-Type': 'application/json', 'Content-Length': '20', 'Connection': 'close'} 
 body={
  "gpax": false
}
 
 </msg>
<msg time="2025-09-30T09:51:24.512161" level="INFO">${resp} = &lt;Response [200]&gt;</msg>
<var>${resp}</var>
<arg>api</arg>
<arg>/is2hornor/3.7</arg>
<doc>Sends a GET request on a previously created HTTP Session.</doc>
<status status="PASS" start="2025-09-30T09:51:24.508149" elapsed="0.004012"/>
</kw>
<kw name="Should Be Equal As Strings" owner="BuiltIn">
<msg time="2025-09-30T09:51:24.513150" level="INFO">Argument types are:
&lt;class 'int'&gt;
&lt;class 'str'&gt;</msg>
<arg>${resp.status_code}</arg>
<arg>200</arg>
<doc>Fails if objects are unequal after converting them to strings.</doc>
<status status="PASS" start="2025-09-30T09:51:24.512161" elapsed="0.000989"/>
</kw>
<kw name="Should Not Be True" owner="BuiltIn">
<arg>${resp.json()["gpax"]}</arg>
<doc>Fails if the given condition is true.</doc>
<status status="PASS" start="2025-09-30T09:51:24.513150" elapsed="0.001010"/>
</kw>
<status status="PASS" start="2025-09-30T09:51:24.507149" elapsed="0.007011"/>
</test>
<test id="s1-t5" name="Test_x_is_3dot4" line="32">
<kw name="Create Session" owner="RequestsLibrary">
<msg time="2025-09-30T09:51:24.515149" level="INFO">Creating Session using : alias=api, url=http://127.0.0.1:5000, headers={},                     cookies={}, auth=None, timeout=None, proxies=None, verify=False,                     debug=0 </msg>
<arg>api</arg>
<arg>${BASE_URL}</arg>
<doc>Create Session: create a HTTP session to a server</doc>
<status status="PASS" start="2025-09-30T09:51:24.515149" elapsed="0.000000"/>
</kw>
<kw name="GET On Session" owner="RequestsLibrary">
<msg time="2025-09-30T09:51:24.518149" level="INFO">GET Request : url=http://127.0.0.1:5000/is2hornor/3.4 
 path_url=/is2hornor/3.4 
 headers={'User-Agent': 'python-requests/2.31.0', 'Accept-Encoding': 'gzip, deflate', 'Accept': '*/*', 'Connection': 'keep-alive'} 
 body=None 
 </msg>
<msg time="2025-09-30T09:51:24.518149" level="INFO">GET Response : url=http://127.0.0.1:5000/is2hornor/3.4 
 status=200, reason=OK 
 headers={'Server': 'Werkzeug/3.1.3 Python/3.10.8', 'Date': 'Tue, 30 Sep 2025 02:51:24 GMT', 'Content-Type': 'application/json', 'Content-Length': '19', 'Connection': 'close'} 
 body={
  "gpax": true
}
 
 </msg>
<msg time="2025-09-30T09:51:24.518149" level="INFO">${resp} = &lt;Response [200]&gt;</msg>
<var>${resp}</var>
<arg>api</arg>
<arg>/is2hornor/3.4</arg>
<doc>Sends a GET request on a previously created HTTP Session.</doc>
<status status="PASS" start="2025-09-30T09:51:24.515149" elapsed="0.003000"/>
</kw>
<kw name="Should Be Equal As Strings" owner="BuiltIn">
<msg time="2025-09-30T09:51:24.519159" level="INFO">Argument types are:
&lt;class 'int'&gt;
&lt;class 'str'&gt;</msg>
<arg>${resp.status_code}</arg>
<arg>200</arg>
<doc>Fails if objects are unequal after converting them to strings.</doc>
<status status="PASS" start="2025-09-30T09:51:24.518149" elapsed="0.001010"/>
</kw>
<kw name="Should Be True" owner="BuiltIn">
<arg>${resp.json()["gpax"]}</arg>
<doc>Fails if the given condition is not true.</doc>
<status status="PASS" start="2025-09-30T09:51:24.519159" elapsed="0.000990"/>
</kw>
<status status="PASS" start="2025-09-30T09:51:24.514160" elapsed="0.005989"/>
</test>
<test id="s1-t6" name="Test_x_is_3dot1" line="38">
<kw name="Create Session" owner="RequestsLibrary">
<msg time="2025-09-30T09:51:24.520149" level="INFO">Creating Session using : alias=api, url=http://127.0.0.1:5000, headers={},                     cookies={}, auth=None, timeout=None, proxies=None, verify=False,                     debug=0 </msg>
<arg>api</arg>
<arg>${BASE_URL}</arg>
<doc>Create Session: create a HTTP session to a server</doc>
<status status="PASS" start="2025-09-30T09:51:24.520149" elapsed="0.001000"/>
</kw>
<kw name="GET On Session" owner="RequestsLibrary">
<msg time="2025-09-30T09:51:24.523159" level="INFO">GET Request : url=http://127.0.0.1:5000/is2hornor/3.1 
 path_url=/is2hornor/3.1 
 headers={'User-Agent': 'python-requests/2.31.0', 'Accept-Encoding': 'gzip, deflate', 'Accept': '*/*', 'Connection': 'keep-alive'} 
 body=None 
 </msg>
<msg time="2025-09-30T09:51:24.523159" level="INFO">GET Response : url=http://127.0.0.1:5000/is2hornor/3.1 
 status=200, reason=OK 
 headers={'Server': 'Werkzeug/3.1.3 Python/3.10.8', 'Date': 'Tue, 30 Sep 2025 02:51:24 GMT', 'Content-Type': 'application/json', 'Content-Length': '20', 'Connection': 'close'} 
 body={
  "gpax": false
}
 
 </msg>
<msg time="2025-09-30T09:51:24.523159" level="INFO">${resp} = &lt;Response [200]&gt;</msg>
<var>${resp}</var>
<arg>api</arg>
<arg>/is2hornor/3.1</arg>
<doc>Sends a GET request on a previously created HTTP Session.</doc>
<status status="PASS" start="2025-09-30T09:51:24.521149" elapsed="0.002010"/>
</kw>
<kw name="Should Be Equal As Strings" owner="BuiltIn">
<msg time="2025-09-30T09:51:24.524162" level="INFO">Argument types are:
&lt;class 'int'&gt;
&lt;class 'str'&gt;</msg>
<arg>${resp.status_code}</arg>
<arg>200</arg>
<doc>Fails if objects are unequal after converting them to strings.</doc>
<status status="PASS" start="2025-09-30T09:51:24.524162" elapsed="0.000000"/>
</kw>
<kw name="Should Not Be True" owner="BuiltIn">
<arg>${resp.json()["gpax"]}</arg>
<doc>Fails if the given condition is true.</doc>
<status status="PASS" start="2025-09-30T09:51:24.524162" elapsed="0.000996"/>
</kw>
<status status="PASS" start="2025-09-30T09:51:24.520149" elapsed="0.005009"/>
</test>
<status status="PASS" start="2025-09-30T09:51:24.378657" elapsed="0.146501"/>
</suite>
<statistics>
<total>
<stat pass="6" fail="0" skip="0">All Tests</stat>
</total>
<tag>
</tag>
<suite>
<stat name="Api Test" id="s1" pass="6" fail="0" skip="0">Api Test</stat>
</suite>
</statistics>
<errors>
</errors>
</robot>
